2025-07-04T21:40:29: 
2025-07-04T21:40:29: > control-despachos@0.1.0 start
2025-07-04T21:40:29: > next start -p 5451 -H 0.0.0.0
2025-07-04T21:40:29: 
2025-07-04T21:40:29:    ▲ Next.js 15.3.4
2025-07-04T21:40:29:    - Local:        http://localhost:5451
2025-07-04T21:40:29:    - Network:      http://0.0.0.0:5451
2025-07-04T21:40:29: 
2025-07-04T21:40:29:  ✓ Starting...
2025-07-04T21:40:29:  ✓ Ready in 206ms
2025-07-04T21:41:01: Middleware - Path: / Host: 192.168.10.188:5451
2025-07-04T21:41:01: Middleware - All cookies: [ 'pga4_session', 'PGADMIN_LANGUAGE', 'token' ]
2025-07-04T21:41:01: Middleware - Token exists: true
2025-07-04T21:41:01: Middleware - Path: /api/reporteros Host: 192.168.10.188:5451
2025-07-04T21:41:01: Middleware - All cookies: [ 'pga4_session', 'PGADMIN_LANGUAGE', 'token' ]
2025-07-04T21:41:01: Middleware - Token exists: true
2025-07-04T21:41:01: Middleware - Path: /api/despachos Host: 192.168.10.188:5451
2025-07-04T21:41:01: Middleware - All cookies: [ 'pga4_session', 'PGADMIN_LANGUAGE', 'token' ]
2025-07-04T21:41:01: Middleware - Token exists: true
2025-07-04T21:41:01: Recibiendo solicitud en /api/despachos con params: {
2025-07-04T21:41:01:   fecha: '2025-07-05',
2025-07-04T21:41:01:   reportero_id: null,
2025-07-04T21:41:01:   ciudad_codigo: 'arequipa',
2025-07-04T21:41:01:   desde: null,
2025-07-04T21:41:01:   hasta: null
2025-07-04T21:41:01: }
2025-07-04T21:41:01: Ciudad con código arequipa no encontrada
2025-07-04T21:41:01: Consulta de Prisma donde: { fecha_despacho: 2025-07-05T00:00:00.000Z }
2025-07-04T21:41:01: Encontrados 0 despachos
2025-07-04T21:41:02: Middleware - Path: /api/auth/logout Host: 192.168.10.188:5451
2025-07-04T21:41:02: Middleware - Public path, allowing access
2025-07-04T21:41:02: Middleware - Path: /login Host: 192.168.10.188:5451
2025-07-04T21:41:02: Middleware - Public path, allowing access
2025-07-04T21:41:07: Middleware - Path: /api/auth/login Host: 192.168.10.188:5451
2025-07-04T21:41:07: Middleware - Public path, allowing access
2025-07-04T21:41:07: Login attempt for: admin_control
2025-07-04T21:41:07: Usuario encontrado: Sí
2025-07-04T21:41:07: Password válido: true
2025-07-04T21:41:07: Middleware - Path: / Host: 192.168.10.188:5451
2025-07-04T21:41:07: Middleware - All cookies: [ 'pga4_session', 'PGADMIN_LANGUAGE', 'token' ]
2025-07-04T21:41:07: Middleware - Token exists: true
2025-07-04T21:41:07: Middleware - Path: /api/reporteros Host: 192.168.10.188:5451
2025-07-04T21:41:07: Middleware - All cookies: [ 'pga4_session', 'PGADMIN_LANGUAGE', 'token' ]
2025-07-04T21:41:07: Middleware - Token exists: true
2025-07-04T21:41:07: Middleware - Path: /api/despachos Host: 192.168.10.188:5451
2025-07-04T21:41:07: Middleware - All cookies: [ 'pga4_session', 'PGADMIN_LANGUAGE', 'token' ]
2025-07-04T21:41:07: Middleware - Token exists: true
2025-07-04T21:41:07: Recibiendo solicitud en /api/despachos con params: {
2025-07-04T21:41:07:   fecha: '2025-07-05',
2025-07-04T21:41:07:   reportero_id: null,
2025-07-04T21:41:07:   ciudad_codigo: 'arequipa',
2025-07-04T21:41:07:   desde: null,
2025-07-04T21:41:07:   hasta: null
2025-07-04T21:41:07: }
2025-07-04T21:41:07: Ciudad con código arequipa no encontrada
2025-07-04T21:41:07: Consulta de Prisma donde: { fecha_despacho: 2025-07-05T00:00:00.000Z }
2025-07-04T21:41:07: Encontrados 0 despachos
2025-07-04T21:41:12: Middleware - Path: /api/ciudades Host: 192.168.10.188:5451
2025-07-04T21:41:12: Middleware - All cookies: [ 'pga4_session', 'PGADMIN_LANGUAGE', 'token' ]
2025-07-04T21:41:12: Middleware - Token exists: true
2025-07-04T21:42:46: Middleware - Path: /api/auth/logout Host: 192.168.10.188:5451
2025-07-04T21:42:46: Middleware - Public path, allowing access
2025-07-04T21:42:46: Middleware - Path: /login Host: 192.168.10.188:5451
2025-07-04T21:42:46: Middleware - Public path, allowing access
2025-07-04T21:42:50: Middleware - Path: /login Host: 192.168.10.188:5451
2025-07-04T21:42:50: Middleware - Public path, allowing access
2025-07-04T21:42:57: Middleware - Path: /api/auth/login Host: 192.168.10.188:5451
2025-07-04T21:42:57: Middleware - Public path, allowing access
2025-07-04T21:42:57: Login attempt for: exitosa
2025-07-04T21:42:57: Usuario encontrado: Sí
2025-07-04T21:42:57: Password válido: true
2025-07-04T21:42:57: Middleware - Path: / Host: 192.168.10.188:5451
2025-07-04T21:42:57: Middleware - All cookies: [ 'pga4_session', 'PGADMIN_LANGUAGE', 'token' ]
2025-07-04T21:42:57: Middleware - Token exists: true
2025-07-04T21:42:57: Middleware - Path: /api/reporteros Host: 192.168.10.188:5451
2025-07-04T21:42:57: Middleware - All cookies: [ 'pga4_session', 'PGADMIN_LANGUAGE', 'token' ]
2025-07-04T21:42:57: Middleware - Token exists: true
2025-07-04T21:42:57: Middleware - Path: /api/despachos Host: 192.168.10.188:5451
2025-07-04T21:42:57: Middleware - All cookies: [ 'pga4_session', 'PGADMIN_LANGUAGE', 'token' ]
2025-07-04T21:42:57: Middleware - Token exists: true
2025-07-04T21:42:57: Recibiendo solicitud en /api/despachos con params: {
2025-07-04T21:42:57:   fecha: '2025-07-05',
2025-07-04T21:42:57:   reportero_id: null,
2025-07-04T21:42:57:   ciudad_codigo: 'arequipa',
2025-07-04T21:42:57:   desde: null,
2025-07-04T21:42:57:   hasta: null
2025-07-04T21:42:57: }
2025-07-04T21:42:57: Ciudad con código arequipa no encontrada
2025-07-04T21:42:57: Consulta de Prisma donde: { fecha_despacho: 2025-07-05T00:00:00.000Z }
2025-07-04T21:42:57: Encontrados 0 despachos
2025-07-04T21:45:22: 
2025-07-04T21:45:22: > control-despachos@0.1.0 start
2025-07-04T21:45:22: > next start -p 5451 -H 0.0.0.0
2025-07-04T21:45:22: 
2025-07-04T21:45:22:    ▲ Next.js 15.3.4
2025-07-04T21:45:22:    - Local:        http://localhost:5451
2025-07-04T21:45:22:    - Network:      http://0.0.0.0:5451
2025-07-04T21:45:22: 
2025-07-04T21:45:22:  ✓ Starting...
2025-07-04T21:45:22:  ✓ Ready in 213ms
2025-07-04T21:45:24: Recibiendo solicitud en /api/despachos con params: {
2025-07-04T21:45:24:   fecha: '2025-07-05',
2025-07-04T21:45:24:   reportero_id: null,
2025-07-04T21:45:24:   ciudad_codigo: 'arequipa',
2025-07-04T21:45:24:   desde: null,
2025-07-04T21:45:24:   hasta: null
2025-07-04T21:45:24: }
2025-07-04T21:45:24: Ciudad con código arequipa no encontrada
2025-07-04T21:45:24: Consulta de Prisma donde: { fecha_despacho: 2025-07-05T00:00:00.000Z }
2025-07-04T21:45:24: Encontrados 0 despachos
2025-07-04T21:47:39: 
2025-07-04T21:47:39: > control-despachos@0.1.0 start
2025-07-04T21:47:39: > next start -p 5451 -H 0.0.0.0
2025-07-04T21:47:39: 
2025-07-04T21:47:39:    ▲ Next.js 15.3.4
2025-07-04T21:47:39:    - Local:        http://localhost:5451
2025-07-04T21:47:39:    - Network:      http://0.0.0.0:5451
2025-07-04T21:47:39: 
2025-07-04T21:47:39:  ✓ Starting...
2025-07-04T21:47:39:  ✓ Ready in 197ms
2025-07-04T21:49:21: 
2025-07-04T21:49:21: > control-despachos@0.1.0 start
2025-07-04T21:49:21: > next start -p 5451 -H 0.0.0.0
2025-07-04T21:49:21: 
2025-07-04T21:49:21:    ▲ Next.js 15.3.4
2025-07-04T21:49:21:    - Local:        http://localhost:5451
2025-07-04T21:49:21:    - Network:      http://0.0.0.0:5451
2025-07-04T21:49:21: 
2025-07-04T21:49:21:  ✓ Starting...
2025-07-04T21:49:21:  ✓ Ready in 205ms
2025-07-04T21:53:25: Login attempt for: admin_control
2025-07-04T21:53:25: Usuario encontrado: Sí
2025-07-04T21:53:25: Password válido: true
2025-07-04T21:53:25: Recibiendo solicitud en /api/despachos con params: {
2025-07-04T21:53:25:   fecha: '2025-07-05',
2025-07-04T21:53:25:   reportero_id: null,
2025-07-04T21:53:25:   ciudad_codigo: 'arequipa',
2025-07-04T21:53:25:   desde: null,
2025-07-04T21:53:25:   hasta: null
2025-07-04T21:53:25: }
2025-07-04T21:53:25: Ciudad con código arequipa no encontrada
2025-07-04T21:53:25: Consulta de Prisma donde: { fecha_despacho: 2025-07-05T00:00:00.000Z }
2025-07-04T21:53:25: Encontrados 0 despachos
2025-07-04T21:54:26: Recibiendo solicitud en /api/despachos con params: {
2025-07-04T21:54:26:   fecha: '2025-07-05',
2025-07-04T21:54:26:   reportero_id: null,
2025-07-04T21:54:26:   ciudad_codigo: 'arequipa',
2025-07-04T21:54:26:   desde: null,
2025-07-04T21:54:26:   hasta: null
2025-07-04T21:54:26: }
2025-07-04T21:54:26: Ciudad con código arequipa no encontrada
2025-07-04T21:54:26: Consulta de Prisma donde: { fecha_despacho: 2025-07-05T00:00:00.000Z }
2025-07-04T21:54:26: Encontrados 0 despachos
2025-07-04T21:54:28: Recibiendo solicitud en /api/despachos con params: {
2025-07-04T21:54:28:   fecha: '2025-07-05',
2025-07-04T21:54:28:   reportero_id: null,
2025-07-04T21:54:28:   ciudad_codigo: 'abancay',
2025-07-04T21:54:28:   desde: null,
2025-07-04T21:54:28:   hasta: null
2025-07-04T21:54:28: }
2025-07-04T21:54:28: Consulta de Prisma donde: {
2025-07-04T21:54:28:   fecha_despacho: 2025-07-05T00:00:00.000Z,
2025-07-04T21:54:28:   reportero: { ciudad_id: 1 }
2025-07-04T21:54:28: }
2025-07-04T21:54:28: Encontrados 0 despachos
2025-07-04T21:58:40: Recibiendo solicitud en /api/despachos con params: {
2025-07-04T21:58:40:   fecha: null,
2025-07-04T21:58:40:   reportero_id: '7',
2025-07-04T21:58:40:   ciudad_codigo: null,
2025-07-04T21:58:40:   desde: '2025-06-30',
2025-07-04T21:58:40:   hasta: '2025-07-05'
2025-07-04T21:58:40: }
2025-07-04T21:58:40: Consulta de Prisma donde: {
2025-07-04T21:58:40:   fecha_despacho: { gte: 2025-06-30T00:00:00.000Z, lte: 2025-07-05T00:00:00.000Z },
2025-07-04T21:58:40:   reportero_id: 7
2025-07-04T21:58:40: }
2025-07-04T21:58:40: Recibiendo solicitud en /api/despachos con params: {
2025-07-04T21:58:40:   fecha: null,
2025-07-04T21:58:40:   reportero_id: '23',
2025-07-04T21:58:40:   ciudad_codigo: null,
2025-07-04T21:58:40:   desde: '2025-06-30',
2025-07-04T21:58:40:   hasta: '2025-07-05'
2025-07-04T21:58:40: }
2025-07-04T21:58:40: Consulta de Prisma donde: {
2025-07-04T21:58:40:   fecha_despacho: { gte: 2025-06-30T00:00:00.000Z, lte: 2025-07-05T00:00:00.000Z },
2025-07-04T21:58:40:   reportero_id: 23
2025-07-04T21:58:40: }
2025-07-04T21:58:40: Encontrados 0 despachos
2025-07-04T21:58:40: Encontrados 0 despachos
2025-07-04T21:58:40: Recibiendo solicitud en /api/despachos con params: {
2025-07-04T21:58:40:   fecha: null,
2025-07-04T21:58:40:   reportero_id: '13',
2025-07-04T21:58:40:   ciudad_codigo: null,
2025-07-04T21:58:40:   desde: '2025-06-30',
2025-07-04T21:58:40:   hasta: '2025-07-05'
2025-07-04T21:58:40: }
2025-07-04T21:58:40: Consulta de Prisma donde: {
2025-07-04T21:58:40:   fecha_despacho: { gte: 2025-06-30T00:00:00.000Z, lte: 2025-07-05T00:00:00.000Z },
2025-07-04T21:58:40:   reportero_id: 13
2025-07-04T21:58:40: }
2025-07-04T21:58:40: Recibiendo solicitud en /api/despachos con params: {
2025-07-04T21:58:40:   fecha: null,
2025-07-04T21:58:40:   reportero_id: '3',
2025-07-04T21:58:40:   ciudad_codigo: null,
2025-07-04T21:58:40:   desde: '2025-06-30',
2025-07-04T21:58:40:   hasta: '2025-07-05'
2025-07-04T21:58:40: }
2025-07-04T21:58:40: Consulta de Prisma donde: {
2025-07-04T21:58:40:   fecha_despacho: { gte: 2025-06-30T00:00:00.000Z, lte: 2025-07-05T00:00:00.000Z },
2025-07-04T21:58:40:   reportero_id: 3
2025-07-04T21:58:40: }
2025-07-04T21:58:40: Recibiendo solicitud en /api/despachos con params: {
2025-07-04T21:58:40:   fecha: null,
2025-07-04T21:58:40:   reportero_id: '22',
2025-07-04T21:58:40:   ciudad_codigo: null,
2025-07-04T21:58:40:   desde: '2025-06-30',
2025-07-04T21:58:40:   hasta: '2025-07-05'
2025-07-04T21:58:40: }
2025-07-04T21:58:40: Consulta de Prisma donde: {
2025-07-04T21:58:40:   fecha_despacho: { gte: 2025-06-30T00:00:00.000Z, lte: 2025-07-05T00:00:00.000Z },
2025-07-04T21:58:40:   reportero_id: 22
2025-07-04T21:58:40: }
2025-07-04T21:58:40: Recibiendo solicitud en /api/despachos con params: {
2025-07-04T21:58:40:   fecha: null,
2025-07-04T21:58:40:   reportero_id: '4',
2025-07-04T21:58:40:   ciudad_codigo: null,
2025-07-04T21:58:40:   desde: '2025-06-30',
2025-07-04T21:58:40:   hasta: '2025-07-05'
2025-07-04T21:58:40: }
2025-07-04T21:58:40: Consulta de Prisma donde: {
2025-07-04T21:58:40:   fecha_despacho: { gte: 2025-06-30T00:00:00.000Z, lte: 2025-07-05T00:00:00.000Z },
2025-07-04T21:58:40:   reportero_id: 4
2025-07-04T21:58:40: }
2025-07-04T21:58:40: Encontrados 0 despachos
2025-07-04T21:58:40: Encontrados 0 despachos
2025-07-04T21:58:40: Encontrados 0 despachos
2025-07-04T21:58:40: Encontrados 0 despachos
2025-07-04T21:58:40: Recibiendo solicitud en /api/despachos con params: {
2025-07-04T21:58:40:   fecha: null,
2025-07-04T21:58:40:   reportero_id: '9',
2025-07-04T21:58:40:   ciudad_codigo: null,
2025-07-04T21:58:40:   desde: '2025-06-30',
2025-07-04T21:58:40:   hasta: '2025-07-05'
2025-07-04T21:58:40: }
2025-07-04T21:58:40: Consulta de Prisma donde: {
2025-07-04T21:58:40:   fecha_despacho: { gte: 2025-06-30T00:00:00.000Z, lte: 2025-07-05T00:00:00.000Z },
2025-07-04T21:58:40:   reportero_id: 9
2025-07-04T21:58:40: }
2025-07-04T21:58:40: Recibiendo solicitud en /api/despachos con params: {
2025-07-04T21:58:40:   fecha: null,
2025-07-04T21:58:40:   reportero_id: '11',
2025-07-04T21:58:40:   ciudad_codigo: null,
2025-07-04T21:58:40:   desde: '2025-06-30',
2025-07-04T21:58:40:   hasta: '2025-07-05'
2025-07-04T21:58:40: }
2025-07-04T21:58:40: Consulta de Prisma donde: {
2025-07-04T21:58:40:   fecha_despacho: { gte: 2025-06-30T00:00:00.000Z, lte: 2025-07-05T00:00:00.000Z },
2025-07-04T21:58:40:   reportero_id: 11
2025-07-04T21:58:40: }
2025-07-04T21:58:40: Recibiendo solicitud en /api/despachos con params: {
2025-07-04T21:58:40:   fecha: null,
2025-07-04T21:58:40:   reportero_id: '18',
2025-07-04T21:58:40:   ciudad_codigo: null,
2025-07-04T21:58:40:   desde: '2025-06-30',
2025-07-04T21:58:40:   hasta: '2025-07-05'
2025-07-04T21:58:40: }
2025-07-04T21:58:40: Consulta de Prisma donde: {
2025-07-04T21:58:40:   fecha_despacho: { gte: 2025-06-30T00:00:00.000Z, lte: 2025-07-05T00:00:00.000Z },
2025-07-04T21:58:40:   reportero_id: 18
2025-07-04T21:58:40: }
2025-07-04T21:58:40: Recibiendo solicitud en /api/despachos con params: {
2025-07-04T21:58:40:   fecha: null,
2025-07-04T21:58:40:   reportero_id: '1',
2025-07-04T21:58:40:   ciudad_codigo: null,
2025-07-04T21:58:40:   desde: '2025-06-30',
2025-07-04T21:58:40:   hasta: '2025-07-05'
2025-07-04T21:58:40: }
2025-07-04T21:58:40: Consulta de Prisma donde: {
2025-07-04T21:58:40:   fecha_despacho: { gte: 2025-06-30T00:00:00.000Z, lte: 2025-07-05T00:00:00.000Z },
2025-07-04T21:58:40:   reportero_id: 1
2025-07-04T21:58:40: }
2025-07-04T21:58:40: Recibiendo solicitud en /api/despachos con params: {
2025-07-04T21:58:40:   fecha: null,
2025-07-04T21:58:40:   reportero_id: '21',
2025-07-04T21:58:40:   ciudad_codigo: null,
2025-07-04T21:58:40:   desde: '2025-06-30',
2025-07-04T21:58:40:   hasta: '2025-07-05'
2025-07-04T21:58:40: }
2025-07-04T21:58:40: Consulta de Prisma donde: {
2025-07-04T21:58:40:   fecha_despacho: { gte: 2025-06-30T00:00:00.000Z, lte: 2025-07-05T00:00:00.000Z },
2025-07-04T21:58:40:   reportero_id: 21
2025-07-04T21:58:40: }
2025-07-04T21:58:40: Recibiendo solicitud en /api/despachos con params: {
2025-07-04T21:58:40:   fecha: null,
2025-07-04T21:58:40:   reportero_id: '12',
2025-07-04T21:58:40:   ciudad_codigo: null,
2025-07-04T21:58:40:   desde: '2025-06-30',
2025-07-04T21:58:40:   hasta: '2025-07-05'
2025-07-04T21:58:40: }
2025-07-04T21:58:40: Consulta de Prisma donde: {
2025-07-04T21:58:40:   fecha_despacho: { gte: 2025-06-30T00:00:00.000Z, lte: 2025-07-05T00:00:00.000Z },
2025-07-04T21:58:40:   reportero_id: 12
2025-07-04T21:58:40: }
2025-07-04T21:58:40: Encontrados 0 despachos
2025-07-04T21:58:40: Encontrados 0 despachos
2025-07-04T21:58:40: Encontrados 0 despachos
2025-07-04T21:58:40: Encontrados 0 despachos
2025-07-04T21:58:40: Encontrados 0 despachos
2025-07-04T21:58:40: Encontrados 0 despachos
2025-07-04T21:58:40: Recibiendo solicitud en /api/despachos con params: {
2025-07-04T21:58:40:   fecha: null,
2025-07-04T21:58:40:   reportero_id: '19',
2025-07-04T21:58:40:   ciudad_codigo: null,
2025-07-04T21:58:40:   desde: '2025-06-30',
2025-07-04T21:58:40:   hasta: '2025-07-05'
2025-07-04T21:58:40: }
2025-07-04T21:58:40: Consulta de Prisma donde: {
2025-07-04T21:58:40:   fecha_despacho: { gte: 2025-06-30T00:00:00.000Z, lte: 2025-07-05T00:00:00.000Z },
2025-07-04T21:58:40:   reportero_id: 19
2025-07-04T21:58:40: }
2025-07-04T21:58:40: Recibiendo solicitud en /api/despachos con params: {
2025-07-04T21:58:40:   fecha: null,
2025-07-04T21:58:40:   reportero_id: '17',
2025-07-04T21:58:40:   ciudad_codigo: null,
2025-07-04T21:58:40:   desde: '2025-06-30',
2025-07-04T21:58:40:   hasta: '2025-07-05'
2025-07-04T21:58:40: }
2025-07-04T21:58:40: Consulta de Prisma donde: {
2025-07-04T21:58:40:   fecha_despacho: { gte: 2025-06-30T00:00:00.000Z, lte: 2025-07-05T00:00:00.000Z },
2025-07-04T21:58:40:   reportero_id: 17
2025-07-04T21:58:40: }
2025-07-04T21:58:40: Encontrados 0 despachos
2025-07-04T21:58:40: Encontrados 0 despachos
2025-07-04T21:58:40: Recibiendo solicitud en /api/despachos con params: {
2025-07-04T21:58:40:   fecha: null,
2025-07-04T21:58:40:   reportero_id: '5',
2025-07-04T21:58:40:   ciudad_codigo: null,
2025-07-04T21:58:40:   desde: '2025-06-30',
2025-07-04T21:58:40:   hasta: '2025-07-05'
2025-07-04T21:58:40: }
2025-07-04T21:58:40: Consulta de Prisma donde: {
2025-07-04T21:58:40:   fecha_despacho: { gte: 2025-06-30T00:00:00.000Z, lte: 2025-07-05T00:00:00.000Z },
2025-07-04T21:58:40:   reportero_id: 5
2025-07-04T21:58:40: }
2025-07-04T21:58:40: Recibiendo solicitud en /api/despachos con params: {
2025-07-04T21:58:40:   fecha: null,
2025-07-04T21:58:40:   reportero_id: '14',
2025-07-04T21:58:40:   ciudad_codigo: null,
2025-07-04T21:58:40:   desde: '2025-06-30',
2025-07-04T21:58:40:   hasta: '2025-07-05'
2025-07-04T21:58:40: }
2025-07-04T21:58:40: Consulta de Prisma donde: {
2025-07-04T21:58:40:   fecha_despacho: { gte: 2025-06-30T00:00:00.000Z, lte: 2025-07-05T00:00:00.000Z },
2025-07-04T21:58:40:   reportero_id: 14
2025-07-04T21:58:40: }
2025-07-04T21:58:40: Recibiendo solicitud en /api/despachos con params: {
2025-07-04T21:58:40:   fecha: null,
2025-07-04T21:58:40:   reportero_id: '8',
2025-07-04T21:58:40:   ciudad_codigo: null,
2025-07-04T21:58:40:   desde: '2025-06-30',
2025-07-04T21:58:40:   hasta: '2025-07-05'
2025-07-04T21:58:40: }
2025-07-04T21:58:40: Consulta de Prisma donde: {
2025-07-04T21:58:40:   fecha_despacho: { gte: 2025-06-30T00:00:00.000Z, lte: 2025-07-05T00:00:00.000Z },
2025-07-04T21:58:40:   reportero_id: 8
2025-07-04T21:58:40: }
2025-07-04T21:58:40: Recibiendo solicitud en /api/despachos con params: {
2025-07-04T21:58:40:   fecha: null,
2025-07-04T21:58:40:   reportero_id: '16',
2025-07-04T21:58:40:   ciudad_codigo: null,
2025-07-04T21:58:40:   desde: '2025-06-30',
2025-07-04T21:58:40:   hasta: '2025-07-05'
2025-07-04T21:58:40: }
2025-07-04T21:58:40: Consulta de Prisma donde: {
2025-07-04T21:58:40:   fecha_despacho: { gte: 2025-06-30T00:00:00.000Z, lte: 2025-07-05T00:00:00.000Z },
2025-07-04T21:58:40:   reportero_id: 16
2025-07-04T21:58:40: }
2025-07-04T21:58:40: Encontrados 0 despachos
2025-07-04T21:58:40: Encontrados 0 despachos
2025-07-04T21:58:40: Encontrados 0 despachos
2025-07-04T21:58:40: Encontrados 0 despachos
2025-07-04T21:58:40: Recibiendo solicitud en /api/despachos con params: {
2025-07-04T21:58:40:   fecha: null,
2025-07-04T21:58:40:   reportero_id: '20',
2025-07-04T21:58:40:   ciudad_codigo: null,
2025-07-04T21:58:40:   desde: '2025-06-30',
2025-07-04T21:58:40:   hasta: '2025-07-05'
2025-07-04T21:58:40: }
2025-07-04T21:58:40: Consulta de Prisma donde: {
2025-07-04T21:58:40:   fecha_despacho: { gte: 2025-06-30T00:00:00.000Z, lte: 2025-07-05T00:00:00.000Z },
2025-07-04T21:58:40:   reportero_id: 20
2025-07-04T21:58:40: }
2025-07-04T21:58:40: Recibiendo solicitud en /api/despachos con params: {
2025-07-04T21:58:40:   fecha: null,
2025-07-04T21:58:40:   reportero_id: '10',
2025-07-04T21:58:40:   ciudad_codigo: null,
2025-07-04T21:58:40:   desde: '2025-06-30',
2025-07-04T21:58:40:   hasta: '2025-07-05'
2025-07-04T21:58:40: }
2025-07-04T21:58:40: Consulta de Prisma donde: {
2025-07-04T21:58:40:   fecha_despacho: { gte: 2025-06-30T00:00:00.000Z, lte: 2025-07-05T00:00:00.000Z },
2025-07-04T21:58:40:   reportero_id: 10
2025-07-04T21:58:40: }
2025-07-04T21:58:40: Encontrados 0 despachos
2025-07-04T21:58:40: Encontrados 0 despachos
2025-07-04T21:58:40: Recibiendo solicitud en /api/despachos con params: {
2025-07-04T21:58:40:   fecha: null,
2025-07-04T21:58:40:   reportero_id: '2',
2025-07-04T21:58:40:   ciudad_codigo: null,
2025-07-04T21:58:40:   desde: '2025-06-30',
2025-07-04T21:58:40:   hasta: '2025-07-05'
2025-07-04T21:58:40: }
2025-07-04T21:58:40: Consulta de Prisma donde: {
2025-07-04T21:58:40:   fecha_despacho: { gte: 2025-06-30T00:00:00.000Z, lte: 2025-07-05T00:00:00.000Z },
2025-07-04T21:58:40:   reportero_id: 2
2025-07-04T21:58:40: }
2025-07-04T21:58:40: Recibiendo solicitud en /api/despachos con params: {
2025-07-04T21:58:40:   fecha: null,
2025-07-04T21:58:40:   reportero_id: '15',
2025-07-04T21:58:40:   ciudad_codigo: null,
2025-07-04T21:58:40:   desde: '2025-06-30',
2025-07-04T21:58:40:   hasta: '2025-07-05'
2025-07-04T21:58:40: }
2025-07-04T21:58:40: Consulta de Prisma donde: {
2025-07-04T21:58:40:   fecha_despacho: { gte: 2025-06-30T00:00:00.000Z, lte: 2025-07-05T00:00:00.000Z },
2025-07-04T21:58:40:   reportero_id: 15
2025-07-04T21:58:40: }
2025-07-04T21:58:40: Recibiendo solicitud en /api/despachos con params: {
2025-07-04T21:58:40:   fecha: null,
2025-07-04T21:58:40:   reportero_id: '24',
2025-07-04T21:58:40:   ciudad_codigo: null,
2025-07-04T21:58:40:   desde: '2025-06-30',
2025-07-04T21:58:40:   hasta: '2025-07-05'
2025-07-04T21:58:40: }
2025-07-04T21:58:40: Consulta de Prisma donde: {
2025-07-04T21:58:40:   fecha_despacho: { gte: 2025-06-30T00:00:00.000Z, lte: 2025-07-05T00:00:00.000Z },
2025-07-04T21:58:40:   reportero_id: 24
2025-07-04T21:58:40: }
2025-07-04T21:58:40: Recibiendo solicitud en /api/despachos con params: {
2025-07-04T21:58:40:   fecha: null,
2025-07-04T21:58:40:   reportero_id: '6',
2025-07-04T21:58:40:   ciudad_codigo: null,
2025-07-04T21:58:40:   desde: '2025-06-30',
2025-07-04T21:58:40:   hasta: '2025-07-05'
2025-07-04T21:58:40: }
2025-07-04T21:58:40: Consulta de Prisma donde: {
2025-07-04T21:58:40:   fecha_despacho: { gte: 2025-06-30T00:00:00.000Z, lte: 2025-07-05T00:00:00.000Z },
2025-07-04T21:58:40:   reportero_id: 6
2025-07-04T21:58:40: }
2025-07-04T21:58:40: Encontrados 0 despachos
2025-07-04T21:58:40: Encontrados 0 despachos
2025-07-04T21:58:40: Encontrados 0 despachos
2025-07-04T21:58:40: Encontrados 0 despachos
